<?xml version="1.0" encoding="UTF-8"?>
<testng-results skipped="0" failed="0" ignored="0" total="1" passed="1">
  <reporter-output>
  </reporter-output>
  <suite name="Command line suite" duration-ms="138" started-at="2021-07-09T10:49:45 ICT" finished-at="2021-07-09T10:49:45 ICT">
    <groups>
    </groups>
    <test name="Command line test" duration-ms="138" started-at="2021-07-09T10:49:45 ICT" finished-at="2021-07-09T10:49:45 ICT">
      <class name="travellin.AppTest">
        <test-method status="PASS" signature="testApp()" name="testApp" duration-ms="18" started-at="2021-07-09T10:49:45 ICT" finished-at="2021-07-09T10:49:45 ICT">
          <reporter-output>
          </reporter-output>
        </test-method> <!-- testApp -->
      </class> <!-- travellin.AppTest -->
    </test> <!-- Command line test -->
  </suite> <!-- Command line suite -->
</testng-results>
