<?xml version="1.0" encoding="UTF-8"?>
<!-- Generated by org.testng.reporters.JUnitXMLReporter -->
<testsuite hostname="DESKTOP-SPPT2CF" ignored="0" name="Test" tests="4" failures="0" timestamp="2021-06-15T20:12:44 PDT" time="526.04" errors="0">
  <testcase name="basePageNavigator" time="228.752" classname="travellin.HomePage"/>
  <testcase name="basePageNavigator" time="139.323" classname="travellin.HomePage"/>
  <testcase name="basePurchaseOrder" time="144.557" classname="travellin.PurchaseOrder"/>
  <testcase name="calenderPickdate" time="3.774" classname="travellin.PurchaseOrder"/>
</testsuite> <!-- Test -->
