<?xml version="1.0" encoding="UTF-8"?>
<testng-results skipped="0" failed="0" ignored="0" total="1" passed="1">
  <reporter-output>
  </reporter-output>
  <suite name="cucumberOptions.TestNGRunner" duration-ms="63892" started-at="2022-12-02T23:34:39 ICT" finished-at="2022-12-02T23:35:43 ICT">
    <groups>
      <group name="cucumber">
        <method signature="TestNGRunner.feature(cucumber.api.testng.CucumberFeatureWrapper)[pri:0, instance:cucumberOptions.TestNGRunner@6b09bb57]" name="feature" class="cucumberOptions.TestNGRunner"/>
      </group> <!-- cucumber -->
    </groups>
    <test name="Command line test" duration-ms="63892" started-at="2022-12-02T23:34:39 ICT" finished-at="2022-12-02T23:35:43 ICT">
      <class name="cucumberOptions.TestNGRunner">
        <test-method status="PASS" signature="setUpClass()[pri:0, instance:cucumberOptions.TestNGRunner@6b09bb57]" name="setUpClass" is-config="true" duration-ms="377" started-at="2022-12-02T23:34:39 ICT" finished-at="2022-12-02T23:34:39 ICT">
          <reporter-output>
          </reporter-output>
        </test-method> <!-- setUpClass -->
        <test-method status="PASS" signature="feature(cucumber.api.testng.CucumberFeatureWrapper)[pri:0, instance:cucumberOptions.TestNGRunner@6b09bb57]" name="feature" duration-ms="62853" started-at="2022-12-02T23:34:40 ICT" description="Runs Cucumber Feature" data-provider="features" finished-at="2022-12-02T23:35:42 ICT">
          <params>
            <param index="0">
              <value>
                <![CDATA[Transaction product]]>
              </value>
            </param>
          </params>
          <reporter-output>
          </reporter-output>
        </test-method> <!-- feature -->
        <test-method status="PASS" signature="tearDownClass()[pri:0, instance:cucumberOptions.TestNGRunner@6b09bb57]" name="tearDownClass" is-config="true" duration-ms="488" started-at="2022-12-02T23:35:42 ICT" finished-at="2022-12-02T23:35:43 ICT">
          <reporter-output>
          </reporter-output>
        </test-method> <!-- tearDownClass -->
      </class> <!-- cucumberOptions.TestNGRunner -->
    </test> <!-- Command line test -->
  </suite> <!-- cucumberOptions.TestNGRunner -->
</testng-results>
