<?xml version="1.0" encoding="UTF-8"?>
<!-- Generated by org.testng.reporters.JUnitXMLReporter -->
<testsuite hostname="Majoo-498WTNB-X260" ignored="0" name="Command line test" tests="1" failures="0" timestamp="2022-12-16T06:35:57 ICT" time="0.391" errors="0">
  <testcase name="@AfterClass tearDownClass" time="0.016" classname="cucumberOptions.TestNGRunner">
    <failure type="java.lang.NullPointerException">
      <![CDATA[java.lang.NullPointerException
at com.cucumber.listener.Reporter.loadXMLConfig(Reporter.java:56)
at cucumberOptions.TestNGRunner.tearDownClass(TestNGRunner.java:50)
at java.util.ArrayList.forEach(ArrayList.java:1259)
... Removed 34 stack frames]]>
    </failure>
  </testcase> <!-- @AfterClass tearDownClass -->
  <testcase name="feature" time="0.0" classname="cucumberOptions.TestNGRunner">
    <skipped/>
  </testcase> <!-- feature -->
</testsuite> <!-- Command line test -->
